<?xml version="1.0" encoding="UTF-8"?>
<!-- Generated by org.testng.reporters.JUnitReportReporter -->
<testsuite hostname="DESKTOP-E13VVH5" failures="0" tests="2" name="StepDefination.TestRunner" time="7.654" errors="2" timestamp="2024-03-07T22:46:40 IST" skipped="0">
  <testcase classname="StepDefination.TestRunner" name="runScenario" time="3.827">
    <error type="java.lang.NullPointerException">
      <![CDATA[java.lang.NullPointerException
at StepDefination.loginDef.open_url(loginDef.java:23)
at ✽.open url(file:///C:/RestAssured/workspace/CucumberTestng/src/test/java/Features/facebook.feature:6)
]]>
    </error>
  </testcase> <!-- runScenario -->
  <testcase classname="StepDefination.TestRunner" name="runScenario" time="3.827">
    <error type="java.lang.NullPointerException">
      <![CDATA[java.lang.NullPointerException
at StepDefination.loginDef.open_url(loginDef.java:23)
at ✽.open url(file:///C:/RestAssured/workspace/CucumberTestng/src/test/java/Features/login.feature:7)
]]>
    </error>
  </testcase> <!-- runScenario -->
</testsuite> <!-- StepDefination.TestRunner -->
