<?xml version="1.0" encoding="UTF-8"?>
<!-- Generated by org.testng.reporters.JUnitReportReporter -->
<testsuite hostname="DESKTOP-E13VVH5" failures="0" tests="2" name="StepDefination.TestRunner" time="40.693" errors="0" timestamp="2024-03-01T00:00:20 IST" skipped="0">
  <testcase classname="StepDefination.TestRunner" name="runScenario" time="20.500"/>
  <testcase classname="StepDefination.TestRunner" name="runScenario" time="20.193"/>
</testsuite> <!-- StepDefination.TestRunner -->
