<?xml version="1.0" encoding="UTF-8"?>
<!-- Generated by org.testng.reporters.JUnitReportReporter -->
<testsuite hostname="DESKTOP-E13VVH5" failures="0" tests="2" name="StepDefination.TestRunner" time="31.978" errors="0" timestamp="2025-09-15T12:39:49 GMT+05:30" skipped="0">
  <testcase classname="StepDefination.TestRunner" name="runScenario" time="15.989"/>
  <testcase classname="StepDefination.TestRunner" name="runScenario" time="15.989"/>
</testsuite> <!-- StepDefination.TestRunner -->
